/home/jejun/cctv_ws/install/web_pub/lib/python3.10/site-packages/web_pub/test.py
/home/jejun/cctv_ws/install/web_pub/lib/python3.10/site-packages/web_pub/web_sub.py
/home/jejun/cctv_ws/install/web_pub/lib/python3.10/site-packages/web_pub/web_pub.py
/home/jejun/cctv_ws/install/web_pub/lib/python3.10/site-packages/web_pub/__init__.py
/home/jejun/cctv_ws/install/web_pub/lib/python3.10/site-packages/web_pub/web_pub_ori.py
/home/jejun/cctv_ws/install/web_pub/lib/python3.10/site-packages/web_pub/__pycache__/test.cpython-310.pyc
/home/jejun/cctv_ws/install/web_pub/lib/python3.10/site-packages/web_pub/__pycache__/web_sub.cpython-310.pyc
/home/jejun/cctv_ws/install/web_pub/lib/python3.10/site-packages/web_pub/__pycache__/web_pub.cpython-310.pyc
/home/jejun/cctv_ws/install/web_pub/lib/python3.10/site-packages/web_pub/__pycache__/__init__.cpython-310.pyc
/home/jejun/cctv_ws/install/web_pub/lib/python3.10/site-packages/web_pub/__pycache__/web_pub_ori.cpython-310.pyc
/home/jejun/cctv_ws/install/web_pub/share/ament_index/resource_index/packages/web_pub
/home/jejun/cctv_ws/install/web_pub/share/web_pub/package.xml
/home/jejun/cctv_ws/install/web_pub/lib/python3.10/site-packages/web_pub-0.0.0-py3.10.egg-info/PKG-INFO
/home/jejun/cctv_ws/install/web_pub/lib/python3.10/site-packages/web_pub-0.0.0-py3.10.egg-info/top_level.txt
/home/jejun/cctv_ws/install/web_pub/lib/python3.10/site-packages/web_pub-0.0.0-py3.10.egg-info/dependency_links.txt
/home/jejun/cctv_ws/install/web_pub/lib/python3.10/site-packages/web_pub-0.0.0-py3.10.egg-info/entry_points.txt
/home/jejun/cctv_ws/install/web_pub/lib/python3.10/site-packages/web_pub-0.0.0-py3.10.egg-info/SOURCES.txt
/home/jejun/cctv_ws/install/web_pub/lib/python3.10/site-packages/web_pub-0.0.0-py3.10.egg-info/zip-safe
/home/jejun/cctv_ws/install/web_pub/lib/python3.10/site-packages/web_pub-0.0.0-py3.10.egg-info/requires.txt
/home/jejun/cctv_ws/install/web_pub/lib/web_pub/web_pub
/home/jejun/cctv_ws/install/web_pub/lib/web_pub/web_sub
