running egg_info
writing ../../build/web_pub/web_pub.egg-info/PKG-INFO
writing dependency_links to ../../build/web_pub/web_pub.egg-info/dependency_links.txt
writing entry points to ../../build/web_pub/web_pub.egg-info/entry_points.txt
writing requirements to ../../build/web_pub/web_pub.egg-info/requires.txt
writing top-level names to ../../build/web_pub/web_pub.egg-info/top_level.txt
reading manifest file '../../build/web_pub/web_pub.egg-info/SOURCES.txt'
adding license file 'LICENSE'
writing manifest file '../../build/web_pub/web_pub.egg-info/SOURCES.txt'
running build
running build_py
copying web_pub/web_pub.py -> /home/jejun/cctv_ws/build/web_pub/build/lib/web_pub
copying web_pub/web_pub_ori.py -> /home/jejun/cctv_ws/build/web_pub/build/lib/web_pub
running install
running install_lib
copying /home/jejun/cctv_ws/build/web_pub/build/lib/web_pub/web_pub.py -> /home/jejun/cctv_ws/install/web_pub/lib/python3.10/site-packages/web_pub
copying /home/jejun/cctv_ws/build/web_pub/build/lib/web_pub/web_pub_ori.py -> /home/jejun/cctv_ws/install/web_pub/lib/python3.10/site-packages/web_pub
byte-compiling /home/jejun/cctv_ws/install/web_pub/lib/python3.10/site-packages/web_pub/web_pub.py to web_pub.cpython-310.pyc
byte-compiling /home/jejun/cctv_ws/install/web_pub/lib/python3.10/site-packages/web_pub/web_pub_ori.py to web_pub_ori.cpython-310.pyc
running install_data
running install_egg_info
removing '/home/jejun/cctv_ws/install/web_pub/lib/python3.10/site-packages/web_pub-0.0.0-py3.10.egg-info' (and everything under it)
Copying ../../build/web_pub/web_pub.egg-info to /home/jejun/cctv_ws/install/web_pub/lib/python3.10/site-packages/web_pub-0.0.0-py3.10.egg-info
running install_scripts
Installing web_pub script to /home/jejun/cctv_ws/install/web_pub/lib/web_pub
Installing web_sub script to /home/jejun/cctv_ws/install/web_pub/lib/web_pub
writing list of installed files to '/home/jejun/cctv_ws/build/web_pub/install.log'
